<?xml version="1.0" encoding="UTF-8"?>
<testsuite xmlns:xsi="http://www.w3.org/2001/XMLSchema-instance" xsi:schemaLocation="https://maven.apache.org/surefire/maven-surefire-plugin/xsd/surefire-test-report.xsd" name="QuadraticFunctionTest" time="0.025" tests="18" errors="0" skipped="0" failures="0">
  <properties>
[...]
</properties>
  <testcase name="checkDelta[0]" classname="QuadraticFunctionTest" time="0.01"/>
  <testcase name="checkZeros[0]" classname="QuadraticFunctionTest" time="0"/>
  <testcase name="checkFirstX[0]" classname="QuadraticFunctionTest" time="0"/>
  <testcase name="checkLinear[0]" classname="QuadraticFunctionTest" time="0"/>
  <testcase name="checkDeltaZero[0]" classname="QuadraticFunctionTest" time="0"/>
  <testcase name="checkSecondX[0]" classname="QuadraticFunctionTest" time="0"/>
  <testcase name="checkDelta[1]" classname="QuadraticFunctionTest" time="0"/>
  <testcase name="checkZeros[1]" classname="QuadraticFunctionTest" time="0"/>
  <testcase name="checkFirstX[1]" classname="QuadraticFunctionTest" time="0"/>
  <testcase name="checkLinear[1]" classname="QuadraticFunctionTest" time="0"/>
  <testcase name="checkDeltaZero[1]" classname="QuadraticFunctionTest" time="0"/>
  <testcase name="checkSecondX[1]" classname="QuadraticFunctionTest" time="0"/>
  <testcase name="checkDelta[2]" classname="QuadraticFunctionTest" time="0"/>
  <testcase name="checkZeros[2]" classname="QuadraticFunctionTest" time="0"/>
  <testcase name="checkFirstX[2]" classname="QuadraticFunctionTest" time="0"/>
  <testcase name="checkLinear[2]" classname="QuadraticFunctionTest" time="0"/>
  <testcase name="checkDeltaZero[2]" classname="QuadraticFunctionTest" time="0"/>
  <testcase name="checkSecondX[2]" classname="QuadraticFunctionTest" time="0"/>
</testsuite>