<?xml version="1.0" encoding="UTF-8" ?>
<testsuite tests="18" failures="0" name="QuadraticFunctionTest" time="0.016" errors="0" skipped="0">
  <properties>
[...]
</properties>
  <testcase classname="QuadraticFunctionTest" name="checkDelta[0]" time="0.016"/>
  <testcase classname="QuadraticFunctionTest" name="checkZeros[0]" time="0"/>
  <testcase classname="QuadraticFunctionTest" name="checkFirstX[0]" time="0"/>
  <testcase classname="QuadraticFunctionTest" name="checkLinear[0]" time="0"/>
  <testcase classname="QuadraticFunctionTest" name="checkDeltaZero[0]" time="0"/>
  <testcase classname="QuadraticFunctionTest" name="checkSecondX[0]" time="0"/>
  <testcase classname="QuadraticFunctionTest" name="checkDelta[1]" time="0"/>
  <testcase classname="QuadraticFunctionTest" name="checkZeros[1]" time="0"/>
  <testcase classname="QuadraticFunctionTest" name="checkFirstX[1]" time="0"/>
  <testcase classname="QuadraticFunctionTest" name="checkLinear[1]" time="0"/>
  <testcase classname="QuadraticFunctionTest" name="checkDeltaZero[1]" time="0"/>
  <testcase classname="QuadraticFunctionTest" name="checkSecondX[1]" time="0"/>
  <testcase classname="QuadraticFunctionTest" name="checkDelta[2]" time="0"/>
  <testcase classname="QuadraticFunctionTest" name="checkZeros[2]" time="0"/>
  <testcase classname="QuadraticFunctionTest" name="checkFirstX[2]" time="0"/>
  <testcase classname="QuadraticFunctionTest" name="checkLinear[2]" time="0"/>
  <testcase classname="QuadraticFunctionTest" name="checkDeltaZero[2]" time="0"/>
  <testcase classname="QuadraticFunctionTest" name="checkSecondX[2]" time="0"/>
</testsuite>